<?xml version="1.0" encoding="UTF-8"?>
<!-- Generated by org.testng.reporters.JUnitXMLReporter -->
<testsuite ignored="0" hostname="DESKTOP-N6BH7Q3" failures="0" tests="3" name="Test" time="23.188" errors="0" timestamp="2024-09-13T09:53:35 IST">
  <testcase classname="testpkg.Testlogin" name="selectLogin" time="2.35"/>
  <testcase classname="testpkg.Testlogin" name="loginUsingCredentials" time="10.398"/>
  <testcase classname="testpkg.Testlogin" name="validatingLogin" time="3.737"/>
</testsuite> <!-- Test -->
