<?xml version="1.0" encoding="UTF-8"?>
<!-- Generated by org.testng.reporters.JUnitXMLReporter -->
<testsuite ignored="5" hostname="DESKTOP-N6BH7Q3" failures="0" tests="23" name="TestRishiherbals" time="109.017" errors="0" timestamp="2024-09-28T21:55:20 IST">
  <testcase classname="testpkg.Testlogin" name="selectLogin" time="2.49"/>
  <testcase classname="testpkg.Testlogin" name="loginUsingCredentials" time="10.638"/>
  <testcase classname="testpkg.Testlogin" name="validatingLogin" time="3.728"/>
  <testcase classname="testpkg.Testsbasicafterlogin" name="verifyTitle" time="0.045"/>
  <testcase classname="testpkg.Testsbasicafterlogin" name="verifyLogo" time="0.073"/>
  <testcase classname="testpkg.Testsbasicafterlogin" name="verifyTabs" time="0.345"/>
  <testcase classname="testpkg.Testsbasicafterlogin" name="verifyEmptyCart" time="0.299"/>
  <testcase classname="testpkg.Testsbasicafterlogin" name="verifySearchFunctionality" time="4.823"/>
  <testcase classname="testpkg.Testsbasicafterlogin" name="verifyUnavailableSearch" time="4.262"/>
  <testcase classname="testpkg.Testsbasicafterlogin" name="verifyDropDown" time="1.802"/>
  <testcase classname="testpkg.TestSuccessfullogin" name="slcLogin" time="5.87"/>
  <testcase classname="testpkg.TestSuccessfullogin" name="productToCart" time="5.444"/>
  <testcase classname="testpkg.TestSuccessfullogin" name="verifyCheckout" time="5.005"/>
  <testcase classname="testpkg.TestSuccessfullogin" name="verifyFillForm" time="0.426"/>
  <testcase classname="testpkg.TestSuccessfullogin" name="verfiyByScrShot" time="0.164"/>
  <testcase classname="testpkg.Testalert" name="verifyAddingWshlist" time="3.326"/>
  <testcase classname="testpkg.Testalert" name="verifyWishlistItem" time="1.59"/>
  <testcase classname="testpkg.Testalert" name="verifyAlerthandling" time="0.204"/>
  <testcase classname="testpkg.Testsecurity" name="slcLogin" time="5.884"/>
  <testcase classname="testpkg.Testsecurity" name="verifyPrintCookies" time="0.366"/>
  <testcase classname="testpkg.TestReportgen" name="verifyPersonalTab" time="1.378"/>
  <testcase classname="testpkg.TestReportgen" name="verifyTxtPrdctAvailability" time="0.066"/>
  <testcase classname="testpkg.TestReportgen" name="verifyCheckBocClick" time="1.084"/>
  <testcase classname="testpkg.TestReportgen" name="@AfterTest tearDown" time="0.0">
    <ignored/>
  </testcase> <!-- @AfterTest tearDown -->
  <testcase classname="basepkg.Baseclassopenherbals" name="@AfterTest tearDown" time="0.0">
    <ignored/>
  </testcase> <!-- @AfterTest tearDown -->
  <testcase classname="basepkg.Baseclassopenherbals" name="@AfterTest tearDown" time="0.0">
    <ignored/>
  </testcase> <!-- @AfterTest tearDown -->
  <testcase classname="basepkg.Baseclassopenherbals" name="@AfterTest tearDown" time="0.0">
    <ignored/>
  </testcase> <!-- @AfterTest tearDown -->
  <testcase classname="basepkg.Baseclassopenherbals" name="@AfterTest tearDown" time="0.0">
    <ignored/>
  </testcase> <!-- @AfterTest tearDown -->
</testsuite> <!-- TestRishiherbals -->
