<?xml version="1.0" encoding="UTF-8"?>
<!-- Generated by org.testng.reporters.JUnitXMLReporter -->
<testsuite ignored="0" hostname="DESKTOP-N6BH7Q3" failures="0" tests="10" name="Rishiherbals" time="54.755" errors="0" timestamp="2024-09-20T00:02:14 IST">
  <testcase classname="testpkg.Testlogin" name="selectLogin" time="2.369"/>
  <testcase classname="testpkg.Testlogin" name="loginUsingCredentials" time="10.429"/>
  <testcase classname="testpkg.Testlogin" name="validatingLogin" time="3.708"/>
  <testcase classname="testpkg.Testsbasicafterlogin" name="verifyTitle" time="0.183"/>
  <testcase classname="testpkg.Testsbasicafterlogin" name="verifyLogo" time="0.061"/>
  <testcase classname="testpkg.Testsbasicafterlogin" name="verifyTabs" time="0.184"/>
  <testcase classname="testpkg.Testsbasicafterlogin" name="verifyEmptyCart" time="0.587"/>
  <testcase classname="testpkg.Testsbasicafterlogin" name="verifySearchFunctionality" time="14.226"/>
  <testcase classname="testpkg.Testsbasicafterlogin" name="verifyUnavailableSearch" time="5.638"/>
  <testcase classname="testpkg.Testsbasicafterlogin" name="verifyDropDown" time="3.177"/>
</testsuite> <!-- Rishiherbals -->
